<?xml version="1.0" encoding="UTF-8"?>
<!-- Generated by org.testng.reporters.JUnitReportReporter -->
<testsuite skipped="0" hostname="DESKTOP-4NK7U3S" name="com.sscl.seleniumgrid.SeleniumGridTest" tests="1" failures="0" timestamp="13 Aug 2018 14:19:07 GMT" time="49.324" errors="0">
  <testcase name="runOnChrome" time="49.324" classname="com.sscl.seleniumgrid.SeleniumGridTest"/>
</testsuite> <!-- com.sscl.seleniumgrid.SeleniumGridTest -->
